2026-01-21 10:36:14,055 [Worker-7: Loading available Gradle versions] INFO  o.e.b.c.i.u.g.PublishedGradleVersions - Gradle version information cache is not available. Remote download required.
2026-01-21 15:07:46,653 [Worker-5: Loading available Gradle versions] INFO  o.e.b.c.i.u.g.PublishedGradleVersions - Gradle version information cache is up-to-date. Trying to read.
2026-01-21 16:11:21,031 [ModalContext] INFO  o.e.m.c.i.e.AbstractTransferListenerAdapter - Downloading https://repo.maven.apache.org/maven2/fr/lteconsulting/archetypes/quickstart-java8/1.0/quickstart-java8-1.0.pom
2026-01-21 16:11:21,049 [ModalContext] INFO  o.e.m.c.i.e.AbstractTransferListenerAdapter - Downloaded https://repo.maven.apache.org/maven2/fr/lteconsulting/archetypes/quickstart-java8/1.0/quickstart-java8-1.0.pom
2026-01-21 16:11:21,096 [ModalContext] INFO  o.e.m.c.i.e.AbstractTransferListenerAdapter - Downloading https://repo.maven.apache.org/maven2/fr/lteconsulting/hexa.tools/1.4/hexa.tools-1.4.pom
2026-01-21 16:11:21,100 [ModalContext] INFO  o.e.m.c.i.e.AbstractTransferListenerAdapter - Downloaded https://repo.maven.apache.org/maven2/fr/lteconsulting/hexa.tools/1.4/hexa.tools-1.4.pom
2026-01-21 16:11:21,169 [ModalContext] INFO  o.e.m.c.i.e.AbstractTransferListenerAdapter - Downloading https://repo.maven.apache.org/maven2/fr/lteconsulting/archetypes/quickstart-java8/1.0/quickstart-java8-1.0.jar
2026-01-21 16:11:21,173 [ModalContext] INFO  o.e.m.c.i.e.AbstractTransferListenerAdapter - Downloaded https://repo.maven.apache.org/maven2/fr/lteconsulting/archetypes/quickstart-java8/1.0/quickstart-java8-1.0.jar
2026-01-21 16:12:07,300 [Worker-34: Launching mavenrun-113e26dc-a824-4570-94a8-e2724ce580b0] INFO  o.eclipse.m2e.core.internal.Bundles - getClasspathEntries(Bundle=org.eclipse.m2e.maven.runtime_3.9.1101.20251020-1549 [649])
2026-01-21 16:12:07,302 [Worker-34: Launching mavenrun-113e26dc-a824-4570-94a8-e2724ce580b0] INFO  o.eclipse.m2e.core.internal.Bundles - 	Entry: C:\softwares\eclipse-jee-2025-12-R-win32-x86_64\eclipse\plugins\org.eclipse.m2e.maven.runtime_3.9.1101.20251020-1549
2026-01-21 16:12:07,303 [Worker-34: Launching mavenrun-113e26dc-a824-4570-94a8-e2724ce580b0] INFO  o.eclipse.m2e.core.internal.Bundles - 	Entry: C:\softwares\eclipse-jee-2025-12-R-win32-x86_64\eclipse\plugins\org.eclipse.m2e.maven.runtime_3.9.1101.20251020-1549\jars\aopalliance-1.0.jar
2026-01-21 16:12:07,303 [Worker-34: Launching mavenrun-113e26dc-a824-4570-94a8-e2724ce580b0] INFO  o.eclipse.m2e.core.internal.Bundles - 	Entry: C:\softwares\eclipse-jee-2025-12-R-win32-x86_64\eclipse\plugins\org.eclipse.m2e.maven.runtime_3.9.1101.20251020-1549\jars\asm-9.8.jar
2026-01-21 16:12:07,303 [Worker-34: Launching mavenrun-113e26dc-a824-4570-94a8-e2724ce580b0] INFO  o.eclipse.m2e.core.internal.Bundles - 	Entry: C:\softwares\eclipse-jee-2025-12-R-win32-x86_64\eclipse\plugins\org.eclipse.m2e.maven.runtime_3.9.1101.20251020-1549\jars\error_prone_annotations-2.38.0.jar
2026-01-21 16:12:07,303 [Worker-34: Launching mavenrun-113e26dc-a824-4570-94a8-e2724ce580b0] INFO  o.eclipse.m2e.core.internal.Bundles - 	Entry: C:\softwares\eclipse-jee-2025-12-R-win32-x86_64\eclipse\plugins\org.eclipse.m2e.maven.runtime_3.9.1101.20251020-1549\jars\gson-2.13.1.jar
2026-01-21 16:12:07,303 [Worker-34: Launching mavenrun-113e26dc-a824-4570-94a8-e2724ce580b0] INFO  o.eclipse.m2e.core.internal.Bundles - 	Entry: C:\softwares\eclipse-jee-2025-12-R-win32-x86_64\eclipse\plugins\org.eclipse.m2e.maven.runtime_3.9.1101.20251020-1549\jars\guice-5.1.0-classes.jar
2026-01-21 16:12:07,303 [Worker-34: Launching mavenrun-113e26dc-a824-4570-94a8-e2724ce580b0] INFO  o.eclipse.m2e.core.internal.Bundles - 	Entry: C:\softwares\eclipse-jee-2025-12-R-win32-x86_64\eclipse\plugins\org.eclipse.m2e.maven.runtime_3.9.1101.20251020-1549\jars\httpclient-4.5.14.jar
2026-01-21 16:12:07,303 [Worker-34: Launching mavenrun-113e26dc-a824-4570-94a8-e2724ce580b0] INFO  o.eclipse.m2e.core.internal.Bundles - 	Entry: C:\softwares\eclipse-jee-2025-12-R-win32-x86_64\eclipse\plugins\org.eclipse.m2e.maven.runtime_3.9.1101.20251020-1549\jars\httpcore-4.4.16.jar
2026-01-21 16:12:07,303 [Worker-34: Launching mavenrun-113e26dc-a824-4570-94a8-e2724ce580b0] INFO  o.eclipse.m2e.core.internal.Bundles - 	Entry: C:\softwares\eclipse-jee-2025-12-R-win32-x86_64\eclipse\plugins\org.eclipse.m2e.maven.runtime_3.9.1101.20251020-1549\jars\jansi-2.4.2.jar
2026-01-21 16:12:07,304 [Worker-34: Launching mavenrun-113e26dc-a824-4570-94a8-e2724ce580b0] INFO  o.eclipse.m2e.core.internal.Bundles - 	Entry: C:\softwares\eclipse-jee-2025-12-R-win32-x86_64\eclipse\plugins\org.eclipse.m2e.maven.runtime_3.9.1101.20251020-1549\jars\jcl-over-slf4j-1.7.36.jar
2026-01-21 16:12:07,304 [Worker-34: Launching mavenrun-113e26dc-a824-4570-94a8-e2724ce580b0] INFO  o.eclipse.m2e.core.internal.Bundles - 	Entry: C:\softwares\eclipse-jee-2025-12-R-win32-x86_64\eclipse\plugins\org.eclipse.m2e.maven.runtime_3.9.1101.20251020-1549\jars\maven-artifact-3.9.11.jar
2026-01-21 16:12:07,304 [Worker-34: Launching mavenrun-113e26dc-a824-4570-94a8-e2724ce580b0] INFO  o.eclipse.m2e.core.internal.Bundles - 	Entry: C:\softwares\eclipse-jee-2025-12-R-win32-x86_64\eclipse\plugins\org.eclipse.m2e.maven.runtime_3.9.1101.20251020-1549\jars\maven-builder-support-3.9.11.jar
2026-01-21 16:12:07,304 [Worker-34: Launching mavenrun-113e26dc-a824-4570-94a8-e2724ce580b0] INFO  o.eclipse.m2e.core.internal.Bundles - 	Entry: C:\softwares\eclipse-jee-2025-12-R-win32-x86_64\eclipse\plugins\org.eclipse.m2e.maven.runtime_3.9.1101.20251020-1549\jars\maven-compat-3.9.11.jar
2026-01-21 16:12:07,304 [Worker-34: Launching mavenrun-113e26dc-a824-4570-94a8-e2724ce580b0] INFO  o.eclipse.m2e.core.internal.Bundles - 	Entry: C:\softwares\eclipse-jee-2025-12-R-win32-x86_64\eclipse\plugins\org.eclipse.m2e.maven.runtime_3.9.1101.20251020-1549\jars\maven-core-3.9.11.jar
2026-01-21 16:12:07,304 [Worker-34: Launching mavenrun-113e26dc-a824-4570-94a8-e2724ce580b0] INFO  o.eclipse.m2e.core.internal.Bundles - 	Entry: C:\softwares\eclipse-jee-2025-12-R-win32-x86_64\eclipse\plugins\org.eclipse.m2e.maven.runtime_3.9.1101.20251020-1549\jars\maven-embedder-3.9.11.jar
2026-01-21 16:12:07,304 [Worker-34: Launching mavenrun-113e26dc-a824-4570-94a8-e2724ce580b0] INFO  o.eclipse.m2e.core.internal.Bundles - 	Entry: C:\softwares\eclipse-jee-2025-12-R-win32-x86_64\eclipse\plugins\org.eclipse.m2e.maven.runtime_3.9.1101.20251020-1549\jars\maven-model-3.9.11.jar
2026-01-21 16:12:07,304 [Worker-34: Launching mavenrun-113e26dc-a824-4570-94a8-e2724ce580b0] INFO  o.eclipse.m2e.core.internal.Bundles - 	Entry: C:\softwares\eclipse-jee-2025-12-R-win32-x86_64\eclipse\plugins\org.eclipse.m2e.maven.runtime_3.9.1101.20251020-1549\jars\maven-model-builder-3.9.11.jar
2026-01-21 16:12:07,305 [Worker-34: Launching mavenrun-113e26dc-a824-4570-94a8-e2724ce580b0] INFO  o.eclipse.m2e.core.internal.Bundles - 	Entry: C:\softwares\eclipse-jee-2025-12-R-win32-x86_64\eclipse\plugins\org.eclipse.m2e.maven.runtime_3.9.1101.20251020-1549\jars\maven-plugin-api-3.9.11.jar
2026-01-21 16:12:07,305 [Worker-34: Launching mavenrun-113e26dc-a824-4570-94a8-e2724ce580b0] INFO  o.eclipse.m2e.core.internal.Bundles - 	Entry: C:\softwares\eclipse-jee-2025-12-R-win32-x86_64\eclipse\plugins\org.eclipse.m2e.maven.runtime_3.9.1101.20251020-1549\jars\maven-repository-metadata-3.9.11.jar
2026-01-21 16:12:07,305 [Worker-34: Launching mavenrun-113e26dc-a824-4570-94a8-e2724ce580b0] INFO  o.eclipse.m2e.core.internal.Bundles - 	Entry: C:\softwares\eclipse-jee-2025-12-R-win32-x86_64\eclipse\plugins\org.eclipse.m2e.maven.runtime_3.9.1101.20251020-1549\jars\maven-resolver-api-1.9.24.jar
2026-01-21 16:12:07,305 [Worker-34: Launching mavenrun-113e26dc-a824-4570-94a8-e2724ce580b0] INFO  o.eclipse.m2e.core.internal.Bundles - 	Entry: C:\softwares\eclipse-jee-2025-12-R-win32-x86_64\eclipse\plugins\org.eclipse.m2e.maven.runtime_3.9.1101.20251020-1549\jars\maven-resolver-connector-basic-1.9.24.jar
2026-01-21 16:12:07,305 [Worker-34: Launching mavenrun-113e26dc-a824-4570-94a8-e2724ce580b0] INFO  o.eclipse.m2e.core.internal.Bundles - 	Entry: C:\softwares\eclipse-jee-2025-12-R-win32-x86_64\eclipse\plugins\org.eclipse.m2e.maven.runtime_3.9.1101.20251020-1549\jars\maven-resolver-impl-1.9.24.jar
2026-01-21 16:12:07,305 [Worker-34: Launching mavenrun-113e26dc-a824-4570-94a8-e2724ce580b0] INFO  o.eclipse.m2e.core.internal.Bundles - 	Entry: C:\softwares\eclipse-jee-2025-12-R-win32-x86_64\eclipse\plugins\org.eclipse.m2e.maven.runtime_3.9.1101.20251020-1549\jars\maven-resolver-named-locks-1.9.24.jar
2026-01-21 16:12:07,306 [Worker-34: Launching mavenrun-113e26dc-a824-4570-94a8-e2724ce580b0] INFO  o.eclipse.m2e.core.internal.Bundles - 	Entry: C:\softwares\eclipse-jee-2025-12-R-win32-x86_64\eclipse\plugins\org.eclipse.m2e.maven.runtime_3.9.1101.20251020-1549\jars\maven-resolver-provider-3.9.11.jar
2026-01-21 16:12:07,306 [Worker-34: Launching mavenrun-113e26dc-a824-4570-94a8-e2724ce580b0] INFO  o.eclipse.m2e.core.internal.Bundles - 	Entry: C:\softwares\eclipse-jee-2025-12-R-win32-x86_64\eclipse\plugins\org.eclipse.m2e.maven.runtime_3.9.1101.20251020-1549\jars\maven-resolver-spi-1.9.24.jar
2026-01-21 16:12:07,306 [Worker-34: Launching mavenrun-113e26dc-a824-4570-94a8-e2724ce580b0] INFO  o.eclipse.m2e.core.internal.Bundles - 	Entry: C:\softwares\eclipse-jee-2025-12-R-win32-x86_64\eclipse\plugins\org.eclipse.m2e.maven.runtime_3.9.1101.20251020-1549\jars\maven-resolver-transport-file-1.9.24.jar
2026-01-21 16:12:07,306 [Worker-34: Launching mavenrun-113e26dc-a824-4570-94a8-e2724ce580b0] INFO  o.eclipse.m2e.core.internal.Bundles - 	Entry: C:\softwares\eclipse-jee-2025-12-R-win32-x86_64\eclipse\plugins\org.eclipse.m2e.maven.runtime_3.9.1101.20251020-1549\jars\maven-resolver-transport-http-1.9.24.jar
2026-01-21 16:12:07,306 [Worker-34: Launching mavenrun-113e26dc-a824-4570-94a8-e2724ce580b0] INFO  o.eclipse.m2e.core.internal.Bundles - 	Entry: C:\softwares\eclipse-jee-2025-12-R-win32-x86_64\eclipse\plugins\org.eclipse.m2e.maven.runtime_3.9.1101.20251020-1549\jars\maven-resolver-transport-wagon-1.9.24.jar
2026-01-21 16:12:07,306 [Worker-34: Launching mavenrun-113e26dc-a824-4570-94a8-e2724ce580b0] INFO  o.eclipse.m2e.core.internal.Bundles - 	Entry: C:\softwares\eclipse-jee-2025-12-R-win32-x86_64\eclipse\plugins\org.eclipse.m2e.maven.runtime_3.9.1101.20251020-1549\jars\maven-resolver-util-1.9.24.jar
2026-01-21 16:12:07,306 [Worker-34: Launching mavenrun-113e26dc-a824-4570-94a8-e2724ce580b0] INFO  o.eclipse.m2e.core.internal.Bundles - 	Entry: C:\softwares\eclipse-jee-2025-12-R-win32-x86_64\eclipse\plugins\org.eclipse.m2e.maven.runtime_3.9.1101.20251020-1549\jars\maven-settings-3.9.11.jar
2026-01-21 16:12:07,306 [Worker-34: Launching mavenrun-113e26dc-a824-4570-94a8-e2724ce580b0] INFO  o.eclipse.m2e.core.internal.Bundles - 	Entry: C:\softwares\eclipse-jee-2025-12-R-win32-x86_64\eclipse\plugins\org.eclipse.m2e.maven.runtime_3.9.1101.20251020-1549\jars\maven-settings-builder-3.9.11.jar
2026-01-21 16:12:07,306 [Worker-34: Launching mavenrun-113e26dc-a824-4570-94a8-e2724ce580b0] INFO  o.eclipse.m2e.core.internal.Bundles - 	Entry: C:\softwares\eclipse-jee-2025-12-R-win32-x86_64\eclipse\plugins\org.eclipse.m2e.maven.runtime_3.9.1101.20251020-1549\jars\maven-shared-utils-3.4.2.jar
2026-01-21 16:12:07,306 [Worker-34: Launching mavenrun-113e26dc-a824-4570-94a8-e2724ce580b0] INFO  o.eclipse.m2e.core.internal.Bundles - 	Entry: C:\softwares\eclipse-jee-2025-12-R-win32-x86_64\eclipse\plugins\org.eclipse.m2e.maven.runtime_3.9.1101.20251020-1549\jars\org.eclipse.sisu.inject-0.9.0.M4.jar
2026-01-21 16:12:07,306 [Worker-34: Launching mavenrun-113e26dc-a824-4570-94a8-e2724ce580b0] INFO  o.eclipse.m2e.core.internal.Bundles - 	Entry: C:\softwares\eclipse-jee-2025-12-R-win32-x86_64\eclipse\plugins\org.eclipse.m2e.maven.runtime_3.9.1101.20251020-1549\jars\org.eclipse.sisu.plexus-0.9.0.M4.jar
2026-01-21 16:12:07,306 [Worker-34: Launching mavenrun-113e26dc-a824-4570-94a8-e2724ce580b0] INFO  o.eclipse.m2e.core.internal.Bundles - 	Entry: C:\softwares\eclipse-jee-2025-12-R-win32-x86_64\eclipse\plugins\org.eclipse.m2e.maven.runtime_3.9.1101.20251020-1549\jars\plexus-build-api-0.0.7.jar
2026-01-21 16:12:07,306 [Worker-34: Launching mavenrun-113e26dc-a824-4570-94a8-e2724ce580b0] INFO  o.eclipse.m2e.core.internal.Bundles - 	Entry: C:\softwares\eclipse-jee-2025-12-R-win32-x86_64\eclipse\plugins\org.eclipse.m2e.maven.runtime_3.9.1101.20251020-1549\jars\plexus-build-api-1.2.0.jar
2026-01-21 16:12:07,306 [Worker-34: Launching mavenrun-113e26dc-a824-4570-94a8-e2724ce580b0] INFO  o.eclipse.m2e.core.internal.Bundles - 	Entry: C:\softwares\eclipse-jee-2025-12-R-win32-x86_64\eclipse\plugins\org.eclipse.m2e.maven.runtime_3.9.1101.20251020-1549\jars\plexus-cipher-2.0.jar
2026-01-21 16:12:07,306 [Worker-34: Launching mavenrun-113e26dc-a824-4570-94a8-e2724ce580b0] INFO  o.eclipse.m2e.core.internal.Bundles - 	Entry: C:\softwares\eclipse-jee-2025-12-R-win32-x86_64\eclipse\plugins\org.eclipse.m2e.maven.runtime_3.9.1101.20251020-1549\jars\plexus-classworlds-2.9.0.jar
2026-01-21 16:12:07,306 [Worker-34: Launching mavenrun-113e26dc-a824-4570-94a8-e2724ce580b0] INFO  o.eclipse.m2e.core.internal.Bundles - 	Entry: C:\softwares\eclipse-jee-2025-12-R-win32-x86_64\eclipse\plugins\org.eclipse.m2e.maven.runtime_3.9.1101.20251020-1549\jars\plexus-component-annotations-2.2.0.jar
2026-01-21 16:12:07,306 [Worker-34: Launching mavenrun-113e26dc-a824-4570-94a8-e2724ce580b0] INFO  o.eclipse.m2e.core.internal.Bundles - 	Entry: C:\softwares\eclipse-jee-2025-12-R-win32-x86_64\eclipse\plugins\org.eclipse.m2e.maven.runtime_3.9.1101.20251020-1549\jars\plexus-interpolation-1.28.jar
2026-01-21 16:12:07,307 [Worker-34: Launching mavenrun-113e26dc-a824-4570-94a8-e2724ce580b0] INFO  o.eclipse.m2e.core.internal.Bundles - 	Entry: C:\softwares\eclipse-jee-2025-12-R-win32-x86_64\eclipse\plugins\org.eclipse.m2e.maven.runtime_3.9.1101.20251020-1549\jars\plexus-sec-dispatcher-2.0.jar
2026-01-21 16:12:07,307 [Worker-34: Launching mavenrun-113e26dc-a824-4570-94a8-e2724ce580b0] INFO  o.eclipse.m2e.core.internal.Bundles - 	Entry: C:\softwares\eclipse-jee-2025-12-R-win32-x86_64\eclipse\plugins\org.eclipse.m2e.maven.runtime_3.9.1101.20251020-1549\jars\plexus-utils-3.6.0.jar
2026-01-21 16:12:07,307 [Worker-34: Launching mavenrun-113e26dc-a824-4570-94a8-e2724ce580b0] INFO  o.eclipse.m2e.core.internal.Bundles - 	Entry: C:\softwares\eclipse-jee-2025-12-R-win32-x86_64\eclipse\plugins\org.eclipse.m2e.maven.runtime_3.9.1101.20251020-1549\jars\wagon-file-3.5.3.jar
2026-01-21 16:12:07,307 [Worker-34: Launching mavenrun-113e26dc-a824-4570-94a8-e2724ce580b0] INFO  o.eclipse.m2e.core.internal.Bundles - 	Entry: C:\softwares\eclipse-jee-2025-12-R-win32-x86_64\eclipse\plugins\org.eclipse.m2e.maven.runtime_3.9.1101.20251020-1549\jars\wagon-http-3.5.3.jar
2026-01-21 16:12:07,307 [Worker-34: Launching mavenrun-113e26dc-a824-4570-94a8-e2724ce580b0] INFO  o.eclipse.m2e.core.internal.Bundles - 	Entry: C:\softwares\eclipse-jee-2025-12-R-win32-x86_64\eclipse\plugins\org.eclipse.m2e.maven.runtime_3.9.1101.20251020-1549\jars\wagon-http-shared-3.5.3.jar
2026-01-21 16:12:07,307 [Worker-34: Launching mavenrun-113e26dc-a824-4570-94a8-e2724ce580b0] INFO  o.eclipse.m2e.core.internal.Bundles - 	Entry: C:\softwares\eclipse-jee-2025-12-R-win32-x86_64\eclipse\plugins\org.eclipse.m2e.maven.runtime_3.9.1101.20251020-1549\jars\wagon-provider-api-3.5.3.jar
2026-01-21 16:12:07,308 [Worker-34: Launching mavenrun-113e26dc-a824-4570-94a8-e2724ce580b0] INFO  o.eclipse.m2e.core.internal.Bundles - getClasspathEntries(Bundle=com.google.guava_33.5.0.jre [18])
2026-01-21 16:12:07,308 [Worker-34: Launching mavenrun-113e26dc-a824-4570-94a8-e2724ce580b0] INFO  o.eclipse.m2e.core.internal.Bundles - 	Entry: C:\softwares\eclipse-jee-2025-12-R-win32-x86_64\eclipse\plugins\com.google.guava_33.5.0.jre.jar
2026-01-21 16:12:07,308 [Worker-34: Launching mavenrun-113e26dc-a824-4570-94a8-e2724ce580b0] INFO  o.eclipse.m2e.core.internal.Bundles - getClasspathEntries(Bundle=slf4j.api_2.0.17 [1014])
2026-01-21 16:12:07,308 [Worker-34: Launching mavenrun-113e26dc-a824-4570-94a8-e2724ce580b0] INFO  o.eclipse.m2e.core.internal.Bundles - 	Entry: C:\softwares\eclipse-jee-2025-12-R-win32-x86_64\eclipse\plugins\slf4j.api_2.0.17.jar
2026-01-21 16:12:07,308 [Worker-34: Launching mavenrun-113e26dc-a824-4570-94a8-e2724ce580b0] INFO  o.eclipse.m2e.core.internal.Bundles - getClasspathEntries(Bundle=jakarta.inject.jakarta.inject-api_1.0.5 [35])
2026-01-21 16:12:07,308 [Worker-34: Launching mavenrun-113e26dc-a824-4570-94a8-e2724ce580b0] INFO  o.eclipse.m2e.core.internal.Bundles - 	Entry: C:\softwares\eclipse-jee-2025-12-R-win32-x86_64\eclipse\plugins\jakarta.inject.jakarta.inject-api_1.0.5.jar
2026-01-21 16:12:07,308 [Worker-34: Launching mavenrun-113e26dc-a824-4570-94a8-e2724ce580b0] INFO  o.eclipse.m2e.core.internal.Bundles - getClasspathEntries(Bundle=jakarta.annotation-api_1.3.5 [31])
2026-01-21 16:12:07,308 [Worker-34: Launching mavenrun-113e26dc-a824-4570-94a8-e2724ce580b0] INFO  o.eclipse.m2e.core.internal.Bundles - 	Entry: C:\softwares\eclipse-jee-2025-12-R-win32-x86_64\eclipse\plugins\jakarta.annotation-api_1.3.5.jar
2026-01-21 16:12:07,308 [Worker-34: Launching mavenrun-113e26dc-a824-4570-94a8-e2724ce580b0] INFO  o.eclipse.m2e.core.internal.Bundles - getClasspathEntries(Bundle=org.apache.commons.cli_1.11.0 [82])
2026-01-21 16:12:07,308 [Worker-34: Launching mavenrun-113e26dc-a824-4570-94a8-e2724ce580b0] INFO  o.eclipse.m2e.core.internal.Bundles - 	Entry: C:\softwares\eclipse-jee-2025-12-R-win32-x86_64\eclipse\plugins\org.apache.commons.cli_1.11.0.jar
2026-01-21 16:12:07,308 [Worker-34: Launching mavenrun-113e26dc-a824-4570-94a8-e2724ce580b0] INFO  o.eclipse.m2e.core.internal.Bundles - getClasspathEntries(Bundle=org.apache.commons.commons-codec_1.20.0 [84])
2026-01-21 16:12:07,308 [Worker-34: Launching mavenrun-113e26dc-a824-4570-94a8-e2724ce580b0] INFO  o.eclipse.m2e.core.internal.Bundles - 	Entry: C:\softwares\eclipse-jee-2025-12-R-win32-x86_64\eclipse\plugins\org.apache.commons.commons-codec_1.20.0.jar
2026-01-21 16:12:07,308 [Worker-34: Launching mavenrun-113e26dc-a824-4570-94a8-e2724ce580b0] INFO  o.eclipse.m2e.core.internal.Bundles - getClasspathEntries(Bundle=com.google.guava.failureaccess_1.0.3 [19])
2026-01-21 16:12:07,309 [Worker-34: Launching mavenrun-113e26dc-a824-4570-94a8-e2724ce580b0] INFO  o.eclipse.m2e.core.internal.Bundles - 	Entry: C:\softwares\eclipse-jee-2025-12-R-win32-x86_64\eclipse\plugins\com.google.guava.failureaccess_1.0.3.jar
2026-01-21 16:12:07,313 [Worker-34: Launching mavenrun-113e26dc-a824-4570-94a8-e2724ce580b0] INFO  o.e.m.i.launch.MavenLaunchDelegate - Run build in "C:\Users\SHANMU~1\AppData\Local\Temp\m2e-archetypeGenerator3733815325166652102":
2026-01-21 16:12:07,315 [Worker-34: Launching mavenrun-113e26dc-a824-4570-94a8-e2724ce580b0] INFO  o.e.m.i.launch.MavenLaunchDelegate -  mvn  -DarchetypeGroupId=fr.lteconsulting.archetypes -DarchetypeArtifactId=quickstart-java8 -DarchetypeVersion=1.0 -DgroupId=com.ibm -DartifactId=classobjects -Dversion=0.0.1-SNAPSHOT -Dpackage=com.ibm.classobjects -DoutputDirectory=C:\ShanmugaSaiMalakati\eclipse-workspace -Dstyle.color=always -U archetype:generate
2026-01-21 16:18:42,811 [Worker-5: Loading available Gradle versions] INFO  o.e.b.c.i.u.g.PublishedGradleVersions - Gradle version information cache is up-to-date. Trying to read.
2026-01-21 16:19:24,543 [Worker-6: Loading available Gradle versions] INFO  o.e.b.c.i.u.g.PublishedGradleVersions - Gradle version information cache is up-to-date. Trying to read.
